[15/06/2015 13:02:46] /i 11831
[15/06/2015 13:03:00] /i 11829
[15/06/2015 13:03:12] /i 11829
[15/06/2015 13:03:27] /i 11832
[15/06/2015 13:03:35] /i 2202
[15/06/2015 13:03:49] /i 2204
[15/06/2015 13:04:16] /i 11657
[15/06/2015 13:04:47] /i 11811
[15/06/2015 13:05:02] /i 11811
[15/06/2015 13:05:20] /i 11793
[15/06/2015 13:05:46] /i  11761
[15/06/2015 13:06:15] /i 11753
[15/06/2015 13:06:30] /i 11713
[15/06/2015 13:44:08] /i 11829
[15/06/2015 13:44:16] /i 11830
[15/06/2015 13:44:57] /i 11831
[15/06/2015 13:45:04] /i 11832
[15/06/2015 13:48:07] /i 11829
[15/06/2015 13:48:16] /i 11830
[15/06/2015 13:48:18] /i 11831
[15/06/2015 13:48:19] /i 11832
[15/06/2015 16:11:09] /i 11700
[15/06/2015 16:11:15] /i 11701
[15/06/2015 16:11:20] /i 11800
[15/06/2015 16:11:51] /i 11659
[15/06/2015 16:11:57] /i 11666
[15/06/2015 16:12:58] /i 8306
[15/06/2015 16:13:09] /i 8306
[15/06/2015 16:13:13] /i 8306
[15/06/2015 16:13:17] /i 8306
[15/06/2015 16:13:21] /i 8306
[15/06/2015 16:13:29] /i 8306
[15/06/2015 16:13:37] /i 8306
[15/06/2015 16:13:51] /i 8305
[15/06/2015 16:13:58] /i 8305
[15/06/2015 16:14:28] /i 8305
[15/06/2015 16:14:32] /i 8305
[15/06/2015 16:14:47] /i 8306
[15/06/2015 16:14:51] /i 8306
[15/06/2015 16:14:58] /i 8306
[15/06/2015 16:17:10] /i 8305
[15/06/2015 16:17:14] /i 8305
[15/06/2015 16:17:17] /i 8305
[15/06/2015 16:17:19] /i 8305
[15/06/2015 16:17:21] /i 8305
[15/06/2015 16:17:24] /i 8305
[15/06/2015 16:17:26] /i 8305
[15/06/2015 16:17:28] /i 8305
[15/06/2015 16:17:47] /i 8306
[15/06/2015 16:17:52] /i 8305
[15/06/2015 16:17:56] /i 8306
[15/06/2015 16:18:17] /i 8306
[15/06/2015 16:18:21] /i 8305
[15/06/2015 16:24:11] /i 8605
[15/06/2015 16:24:19] /i 8305
[15/06/2015 16:24:21] /i 8306
[15/06/2015 16:24:25] /i 8306
[15/06/2015 16:24:25] /i 8306
[15/06/2015 16:24:26] /i 8306
[15/06/2015 16:24:34] /i 8306
[15/06/2015 16:24:38] /i 8306
[15/06/2015 16:24:42] /i 8306
[15/06/2015 16:24:48] /i 8306
[15/06/2015 16:24:50] /i 8306
[15/06/2015 16:24:51] /i 8306
[15/06/2015 16:25:10] /i 8306
[15/06/2015 16:25:16] /i 8306
[15/06/2015 16:25:18] /i 8306
[15/06/2015 16:28:12] /i 8306
[15/06/2015 16:28:13] /i 8306
[15/06/2015 16:28:14] /i 8306
[15/06/2015 16:28:15] /i 8306
[15/06/2015 16:28:15] /i 8306
[15/06/2015 16:28:28] /i 8306
[15/06/2015 16:28:29] /i 8306
[15/06/2015 16:34:08] /i 8306
[15/06/2015 16:34:09] /i 8306
[15/06/2015 16:34:10] /i 8306
[15/06/2015 16:34:10] /i 8306
[15/06/2015 16:34:11] /i 8306
[15/06/2015 16:34:26] /i 8306
[15/06/2015 16:34:51] /i 8306
[15/06/2015 16:35:19] /i 8306
[15/06/2015 16:35:19] /i 8306
[15/06/2015 16:35:28] /i 8306
[15/06/2015 16:41:08] /i 11801
[15/06/2015 16:41:23] /i 11801
[15/06/2015 16:41:33] /i 11801
[15/06/2015 16:41:40] /i 11801
[15/06/2015 16:41:44] /i 11801
[15/06/2015 16:41:47] /i 11801
[15/06/2015 16:41:49] /i 11801
[15/06/2015 16:41:56] /i 11801
[15/06/2015 16:42:58] /i 11801
[15/06/2015 16:43:06] /i 11801
[15/06/2015 16:43:09] /i 11801
[15/06/2015 16:43:11] /i 11801
[15/06/2015 16:43:14] /i 11801
[15/06/2015 16:43:16] /i 11801
[15/06/2015 16:43:18] /i 11801
[15/06/2015 16:43:30] /i 11806
[15/06/2015 16:43:40] /i 11806
[15/06/2015 16:43:43] /i 11806
[15/06/2015 16:44:38] /i 11726
[15/06/2015 19:04:37] /i 806
[15/06/2015 19:04:47] /i 8306
[15/06/2015 19:04:53] /i 8305
[15/06/2015 19:05:23] /i 8306
[15/06/2015 19:05:24] /i 8306
[15/06/2015 19:05:25] /i 8306
[15/06/2015 19:05:25] /i 8306
[15/06/2015 19:41:13] /i 11801
[15/06/2015 19:43:15] /i 11806
[15/06/2015 19:44:44] /i 11806
[15/06/2015 19:44:54] /i 11806
[15/06/2015 19:44:57] /i 11806
[15/06/2015 19:44:59] /i 11806
[15/06/2015 19:45:01] /i 11806
[15/06/2015 19:45:03] /i 11806
[15/06/2015 19:45:05] /i 11806
[15/06/2015 19:45:09] /i 11806
[15/06/2015 19:45:11] /i 11806
[15/06/2015 19:45:13] /i 11806
[15/06/2015 19:45:15] /i 11806
[15/06/2015 19:45:17] /i 11806
[15/06/2015 19:45:19] /i 11806
[15/06/2015 19:45:22] /i 11806
[15/06/2015 19:45:36] /i 8306
[15/06/2015 19:45:37] /i 8306
[15/06/2015 19:45:38] /i 8306
[15/06/2015 19:45:39] /i 8306
[15/06/2015 19:46:04] /i 8306
[15/06/2015 19:46:09] /i 8306
[15/06/2015 19:46:13] /i 8306
[15/06/2015 19:46:21] /i 8305
[15/06/2015 19:46:25] /i 8305
[15/06/2015 19:46:28] /i 8305
[15/06/2015 19:46:30] /i 8305
[15/06/2015 19:46:32] /i 8305
[15/06/2015 19:46:33] /i 8305
[15/06/2015 19:46:43] /i 8305
[15/06/2015 19:46:48] /i 8305
[15/06/2015 19:46:51] /i 8305
[15/06/2015 19:47:44] /i 11787
[15/06/2015 19:50:01] /t 3
[15/06/2015 19:50:05] /m 3
[15/06/2015 19:50:10] /r 3
[15/06/2015 19:50:16] /goto 3
[15/06/2015 19:50:36] /goto 478 783 7
[15/06/2015 19:50:43] /goto 478, 783, 7
[15/06/2015 21:20:42] /goto 473, 788, 7
[16/06/2015 19:37:04] /i 2157
[16/06/2015 19:40:36] /i 11802
[16/06/2015 19:54:43] /i 11802
[16/06/2015 19:57:54] /i 11802
[16/06/2015 20:01:53] /i 11788
[16/06/2015 20:13:24] /i 2175
[16/06/2015 20:14:14] /i 2173
[17/06/2015 08:34:49] /i 11829
[17/06/2015 08:41:32] /i 11829
[17/06/2015 08:41:52] /i 11831
[17/06/2015 08:42:19] /i 2204
[17/06/2015 08:42:30] /i 2202
[17/06/2015 08:43:08] /i 2202
[17/06/2015 13:40:01] /i 11810
[17/06/2015 13:41:22] /i 11810
[17/06/2015 13:46:33] /i 11810
[17/06/2015 13:48:11] /i 11810
[17/06/2015 14:10:37] /i 11831
[17/06/2015 14:12:26] /i 11831
[17/06/2015 14:13:19] /i 11829
[17/06/2015 14:15:53] /i 11829
[17/06/2015 14:16:13] /i 11831
[17/06/2015 14:19:06] /i 11829
[17/06/2015 14:19:17] /i 11830
[17/06/2015 14:20:29] /i 11830
[17/06/2015 14:21:45] /i 11829
[17/06/2015 14:21:59] /i 11830
[17/06/2015 14:22:55] /i 11810
[17/06/2015 14:23:08] /i 11829
[17/06/2015 14:23:20] /i 11830
[17/06/2015 14:26:09] /i 11829
[17/06/2015 14:26:11] /i 11830
[17/06/2015 14:28:20] /i 11829
[17/06/2015 14:28:41] /i 11830
[17/06/2015 14:32:41] /i 11829
[17/06/2015 14:32:55] /i 11830
[17/06/2015 14:33:51] /i 11829
[17/06/2015 14:33:58] /i 11830
[17/06/2015 14:34:50] /i 11829
[17/06/2015 14:34:52] /i 11830
[17/06/2015 16:16:16] /i 11830
[17/06/2015 16:16:27] /i 11829
[17/06/2015 16:18:19] /i 11829
[17/06/2015 16:19:10] /i 11829
