[25/06/2015 18:50:20] /goto 612 943 7
[25/06/2015 18:50:27] /goto 612, 943, 7
[29/06/2015 17:04:00] /m wolf
[29/06/2015 17:04:01] /m wolf
[29/06/2015 17:04:01] /m wolf
[29/06/2015 17:04:02] /m wolf
[29/06/2015 17:05:17] /m wolf
[29/06/2015 17:05:18] /m wolf
[29/06/2015 17:05:18] /m wolf
[29/06/2015 17:08:15] /m wolf
[29/06/2015 17:08:16] /m wolf
[29/06/2015 17:08:16] /m wolf
[29/06/2015 17:08:17] /m wolf
[29/06/2015 17:08:17] /m wolf
[29/06/2015 17:08:18] /m wolf
[29/06/2015 17:08:18] /m wolf
[29/06/2015 17:49:25] /m wolf
[29/06/2015 17:49:29] /m wolf
[29/06/2015 17:53:37] /m wolf
[29/06/2015 17:53:38] /m wolf
[29/06/2015 17:56:07] /m wolf
[29/06/2015 19:14:49] /m villager
[29/06/2015 19:14:50] /m villager
[29/06/2015 19:14:51] /m villager
[29/06/2015 19:14:51] /m villager
[29/06/2015 19:14:51] /m villager
[29/06/2015 19:14:52] /m villager
[29/06/2015 19:14:53] /m villager
[29/06/2015 19:14:55] /m villager
[29/06/2015 19:14:56] /m villager
[29/06/2015 19:24:56] /m samurai
[29/06/2015 19:24:57] /m samurai
[29/06/2015 19:24:58] /m samurai
[29/06/2015 19:24:59] /m samurai
[29/06/2015 19:25:00] /m samurai
[29/06/2015 19:33:39] /m samurai
[29/06/2015 19:33:39] /m samurai
[29/06/2015 19:33:40] /m samurai
[29/06/2015 19:33:40] /m samurai
[29/06/2015 19:33:41] /m samurai
[29/06/2015 19:35:40] /m samurai
[29/06/2015 19:35:40] /m samurai
[29/06/2015 19:35:41] /m samurai
[29/06/2015 19:35:41] /m samurai
[29/06/2015 19:35:42] /m samurai
[29/06/2015 19:42:39] /m wolf
[29/06/2015 19:53:16] /m wolf
[02/07/2015 16:24:51] /m wordsman
[02/07/2015 16:24:57] /m swordsman
[02/07/2015 16:24:59] /m wolf
[02/07/2015 16:28:15] /m wolf
[02/07/2015 16:35:05] /m wolf
[02/07/2015 19:07:40] /m training target
[02/07/2015 19:08:33] /m training target
[02/07/2015 19:08:35] /m training target
[02/07/2015 19:17:38] /m training target
[02/07/2015 19:17:39] /m training target
[02/07/2015 19:17:41] /m training target
[02/07/2015 19:19:16] /m training target
[02/07/2015 19:19:17] /m training target
[02/07/2015 19:20:27] /m trainig target
[02/07/2015 19:20:34] /m training target
[02/07/2015 19:20:35] /m training target
[02/07/2015 19:20:49] /m wolf
[02/07/2015 19:21:13] /m wolf
[03/07/2015 08:11:55] /i 11834
[03/07/2015 08:12:08] /m resugent
[03/07/2015 08:12:17] /m ninja
[03/07/2015 08:12:17] /m ninja
[03/07/2015 08:12:18] /m ninja
[03/07/2015 08:12:18] /m ninja
[03/07/2015 08:15:09] /m ninja
[03/07/2015 08:15:10] /m ninja
[03/07/2015 08:15:10] /m ninja
[03/07/2015 08:15:11] /m ninja
[04/07/2015 10:44:34] /m training target
[04/07/2015 10:49:07] /m training target
[04/07/2015 10:51:03] /m training target
[04/07/2015 10:51:30] /m ninja
[04/07/2015 10:51:41] /m magmaman
[04/07/2015 10:51:52] /m magmaman
[06/07/2015 15:49:20] /m wolf
[06/07/2015 15:49:21] /m wolf
[06/07/2015 15:49:21] /m wolf
[06/07/2015 15:49:22] /m wolf
[06/07/2015 15:49:22] /m wolf
[06/07/2015 15:49:23] /m wolf
[06/07/2015 15:50:26] /m wolf
[06/07/2015 15:50:27] /m wolf
[06/07/2015 15:50:27] /m wolf
[06/07/2015 15:50:28] /m wolf
[06/07/2015 15:50:28] /m wolf
[06/07/2015 15:50:29] /m wolf
[06/07/2015 15:50:29] /m wolf
[06/07/2015 15:50:29] /m wolf
[06/07/2015 15:50:30] /m wolf
[06/07/2015 15:50:31] /m wolf
[06/07/2015 15:50:39] /m wolf
[06/07/2015 15:50:40] /m wolf
[06/07/2015 15:50:40] /m wolf
[06/07/2015 15:50:40] /m wolf
[06/07/2015 15:50:41] /m wolf
[06/07/2015 15:50:42] /m wolf
[06/07/2015 15:50:42] /m wolf
[06/07/2015 15:50:43] /m wolf
[06/07/2015 15:50:48] /m wolf
[06/07/2015 15:50:49] /m wolf
[06/07/2015 15:50:49] /m wolf
[06/07/2015 15:50:49] /m wolf
[06/07/2015 15:50:50] /m wolf
[06/07/2015 15:50:50] /m wolf
[06/07/2015 15:50:51] /m wolf
[06/07/2015 15:50:51] /m wolf
[06/07/2015 15:50:52] /m wolf
[06/07/2015 15:50:55] /m wolf
[06/07/2015 15:50:56] /m wolf
[06/07/2015 15:50:56] /m wolf
[06/07/2015 15:50:57] /m wolf
[06/07/2015 15:50:57] /m wolf
[06/07/2015 15:50:58] /m wolf
[06/07/2015 15:50:59] /m wolf
[06/07/2015 15:51:02] /m wolf
[06/07/2015 15:51:03] /m wolf
[06/07/2015 15:51:03] /m wolf
[06/07/2015 15:51:04] /m wolf
[06/07/2015 15:51:05] /m wolf
[06/07/2015 15:51:05] /m wolf
[06/07/2015 15:51:06] /m wolf
[06/07/2015 15:51:09] /m wolf
[06/07/2015 15:51:10] /m wolf
[06/07/2015 15:51:10] /m wolf
[06/07/2015 15:51:10] /m wolf
[06/07/2015 15:51:11] /m wolf
[06/07/2015 15:51:11] /m wolf
[06/07/2015 15:51:12] /m wolf
[06/07/2015 15:51:13] /m wolf
[06/07/2015 15:51:18] /m wolf
[06/07/2015 15:51:18] /m wolf
[06/07/2015 15:51:19] /m wolf
[06/07/2015 15:51:19] /m wolf
[06/07/2015 15:51:20] /m wolf
[06/07/2015 15:51:21] /m wolf
[06/07/2015 15:51:21] /m wolf
[06/07/2015 15:51:25] /m wolf
[06/07/2015 15:51:26] /m wolf
[06/07/2015 15:51:27] /m wolf
[06/07/2015 15:51:27] /m wolf
[06/07/2015 15:51:28] /m wolf
[06/07/2015 15:51:28] /m wolf
[06/07/2015 15:51:29] /m wolf
[06/07/2015 15:51:29] /m wolf
[06/07/2015 15:51:30] /m wolf
[06/07/2015 15:51:33] /m wolf
[06/07/2015 15:51:34] /m wolf
[06/07/2015 15:51:34] /m wolf
[06/07/2015 15:51:35] /m wolf
[06/07/2015 15:51:35] /m wolf
[06/07/2015 15:51:36] /m wolf
[06/07/2015 15:51:36] /m wolf
[06/07/2015 15:51:37] /m wolf
[06/07/2015 16:05:33] /m villager
[06/07/2015 16:05:34] /m villager
[06/07/2015 16:05:34] /m villager
[06/07/2015 16:05:35] /m villager
[06/07/2015 16:05:35] /m villager
[06/07/2015 16:05:36] /m villager
[06/07/2015 16:05:37] /m villager
[06/07/2015 16:05:53] /m villager
[06/07/2015 16:06:12] /m dark priest
[06/07/2015 16:09:08] /m villager
[06/07/2015 16:09:09] /m villager
[06/07/2015 16:09:10] /m villager
[06/07/2015 16:09:16] /m villager
[06/07/2015 16:09:16] /m villager
[06/07/2015 16:10:02] /m shinobi
[06/07/2015 16:10:02] /m shinobi
[06/07/2015 16:10:03] /m shinobi
[06/07/2015 16:10:03] /m shinobi
[06/07/2015 16:10:04] /m shinobi
[06/07/2015 16:10:04] /m shinobi
[06/07/2015 16:10:04] /m shinobi
[06/07/2015 16:10:05] /m shinobi
[06/07/2015 16:10:12] /m shinobi
[06/07/2015 16:10:13] /m shinobi
[06/07/2015 16:10:13] /m shinobi
[06/07/2015 16:10:15] /m shinobi
[06/07/2015 16:10:15] /m shinobi
[06/07/2015 16:10:16] /m shinobi
[06/07/2015 16:10:17] /m shinobi
