[29/04/2015 15:48:12] /addskill Kiba, shield
[29/04/2015 15:48:17] /addskill Kiba, shield, 100
[29/04/2015 15:48:37] /addskill Kiba, fishing, 100
[29/04/2015 15:50:01] /addskill Kiba, fist, 100
[29/04/2015 16:33:17] /i 11299
[29/04/2015 16:40:11] /addskill Kiba,axe 10
[29/04/2015 16:40:20] /addskill Kiba,axe, 10
[29/04/2015 16:40:22] /addskill Kiba,axe, 10
[29/04/2015 16:40:26] /addskill Kiba,axe, 20
[29/04/2015 16:40:27] /addskill Kiba,axe, 20
[29/04/2015 16:40:31] /addskill Kiba,axe, 30
[29/04/2015 16:40:32] /addskill Kiba,axe, 30
[29/04/2015 16:41:00] /addskill Kiba,axe, 30
[29/04/2015 16:41:06] /addskill Kiba,axe, 30
[29/04/2015 16:41:10] /addskill Kiba,axe, 30
[29/04/2015 16:41:15] /addskill Kiba,axe, 30
[29/04/2015 16:41:22] /addskill Kiba,axe, 30
[29/04/2015 16:41:31] /addskill Kiba,axe, 3
[29/04/2015 16:41:42] /addskill Kiba,axe, 3
[29/04/2015 16:41:45] /addskill Kiba,axe, 3
[29/04/2015 16:41:47] /addskill Kiba,axe, 3
[29/04/2015 16:41:50] /addskill Kiba,axe, 3
[29/04/2015 16:41:52] /addskill Kiba,axe, 3
[29/04/2015 16:41:54] /addskill Kiba,axe, 3
[29/04/2015 16:41:55] /addskill Kiba,axe, 3
[29/04/2015 16:41:56] /addskill Kiba,axe, 3
[29/04/2015 16:41:56] /addskill Kiba,axe, 3
[29/04/2015 16:41:57] /addskill Kiba,axe, 3
[29/04/2015 17:27:31] /addskill Kiba, axe
[29/04/2015 17:27:43] /addskill Kiba, axe
[29/04/2015 17:27:47] /addskill Kiba, fist
[29/04/2015 17:27:54] /addskill Kiba, club
[29/04/2015 17:27:56] /addskill Kiba, club
[29/04/2015 17:27:58] /addskill Kiba, club
[29/04/2015 17:27:58] /addskill Kiba, club
[29/04/2015 17:28:05] /addskill Kiba, tai
[29/04/2015 17:28:10] /addskill Kiba, fist
[29/04/2015 17:28:23] /addskill Kiba, axe
[29/04/2015 17:28:31] /addskill Kiba, sword
[29/04/2015 17:28:37] /addskill Kiba, sword
[29/04/2015 17:28:45] /addskill Kiba, axe
[29/04/2015 17:28:49] /addskill Kiba, shield
[29/04/2015 17:28:56] /addskill Kiba, shield
[29/04/2015 17:29:01] /addskill Kiba, def
[29/04/2015 17:29:05] /addskill Kiba, fish
