[22/04/2015 10:09:34] /i 7893
[22/04/2015 10:13:06] /i 11402
[22/04/2015 10:13:30] /i 11403
[22/04/2015 10:13:46] /i 11404
[22/04/2015 10:14:15] /i 11410
[22/04/2015 10:14:36] /i 11415
[22/04/2015 10:14:58] /i 11431
[22/04/2015 10:16:04] /i 11439
[22/04/2015 10:16:45] /i 11438
[22/04/2015 10:17:20] /i 11436
[22/04/2015 10:18:05] /i 11297
[22/04/2015 10:18:19] /i 11397
[22/04/2015 10:19:27] /i 11468
[22/04/2015 10:19:43] /i 11469
[22/04/2015 10:20:09] /i 11471
[22/04/2015 10:20:34] /i 11473
[22/04/2015 10:20:36] /i 11473
[22/04/2015 10:20:53] /i 11478
[28/04/2015 16:19:00] /addskill Maito, 4
[28/04/2015 16:19:02] /addskill Maito, 4
[28/04/2015 16:19:05] /addskill Maito, 5
[28/04/2015 16:19:09] /addskill Maito, 6
[28/04/2015 16:19:10] /addskill Maito, 6
[28/04/2015 16:19:17] /addskill Maito, lvl 10
[28/04/2015 16:19:19] /addskill Maito, lvl 10
[28/04/2015 16:19:24] /addskill Maito, lvl 100
[28/04/2015 16:19:25] /addskill Maito, lvl 100
[28/04/2015 16:19:38] /addskill Maito, level 10
[28/04/2015 16:19:47] /addskill Maito, Axe
[28/04/2015 16:19:49] /addskill Maito, Axe
[28/04/2015 16:19:49] /addskill Maito, Axe
[28/04/2015 16:19:50] /addskill Maito, Axe
[28/04/2015 16:19:53] /addskill Maito, Axe 20
[28/04/2015 16:19:54] /addskill Maito, Axe 20
[28/04/2015 16:19:55] /addskill Maito, Axe 20
[28/04/2015 16:19:56] /addskill Maito, Axe 20
[28/04/2015 16:19:57] /addskill Maito, Axe 20
[28/04/2015 16:19:58] /addskill Maito, Axe 2
[28/04/2015 16:19:59] /addskill Maito, Axe 2
[28/04/2015 16:20:00] /addskill Maito, Axe 2
[28/04/2015 16:20:03] /addskill Maito, Axe 
[28/04/2015 16:20:05] /addskill Maito, Axe 
[28/04/2015 16:20:05] /addskill Maito, Axe 
[28/04/2015 16:20:06] /addskill Maito, Axe 
[28/04/2015 16:20:06] /addskill Maito, Axe 
[28/04/2015 16:20:07] /addskill Maito, Axe 
[28/04/2015 16:20:07] /addskill Maito, Axe 
[28/04/2015 16:20:08] /addskill Maito, Axe 
[28/04/2015 16:20:11] /addskill Maito, Axe, 10
[28/04/2015 16:20:13] /addskill Maito, Axe, 10
[28/04/2015 16:20:14] /addskill Maito, Axe, 10
[28/04/2015 16:20:18] /addskill Maito, Axe, 100
[28/04/2015 16:21:02] /addskill Maito, Axe, 10
[28/04/2015 16:21:08] /addskill Maito, Axe, 20
[28/04/2015 16:21:09] /addskill Maito, Axe, 20
[28/04/2015 16:21:10] /addskill Maito, Axe, 20
[28/04/2015 16:21:11] /addskill Maito, Axe, 20
[28/04/2015 16:21:11] /addskill Maito, Axe, 20
[28/04/2015 16:21:12] /addskill Maito, Axe, 20
[28/04/2015 16:21:12] /addskill Maito, Axe, 20
[28/04/2015 16:21:13] /addskill Maito, Axe, 20
[28/04/2015 16:21:37] /addskill Maito, Axe, 20
[28/04/2015 16:21:38] /addskill Maito, Axe, 20
[28/04/2015 16:21:38] /addskill Maito, Axe, 20
[28/04/2015 16:21:39] /addskill Maito, Axe, 20
[28/04/2015 16:21:39] /addskill Maito, Axe, 20
[28/04/2015 16:21:40] /addskill Maito, Axe, 20
[28/04/2015 16:21:40] /addskill Maito, Axe, 20
[28/04/2015 16:21:41] /addskill Maito, Axe, 20
[28/04/2015 16:21:41] /addskill Maito, Axe, 20
[28/04/2015 16:21:42] /addskill Maito, Axe, 20
[28/04/2015 16:21:43] /addskill Maito, Axe, 20
[28/04/2015 16:21:44] /addskill Maito, Axe, 20
[28/04/2015 16:22:33] /addskill Maito, Axe
[28/04/2015 16:22:34] /addskill Maito, Axe
[28/04/2015 16:40:56] /addskill Maito, axe, -100
[28/04/2015 16:40:58] /addskill Maito, axe, -100
[28/04/2015 16:41:02] /addskill Maito, axe, -1
[28/04/2015 16:41:11] /addskill Maito, axe -100
[28/04/2015 16:41:13] /addskill Maito, axe -1
[28/04/2015 16:41:15] /addskill Maito, axe -1
[28/04/2015 16:48:40] /i 12683
[28/04/2015 16:51:57] /i 8907
[28/04/2015 16:58:26] /i 8906
[29/04/2015 17:24:23] /addskill Maito, exe
[29/04/2015 17:24:28] /addskill Maito, exe
[29/04/2015 17:24:29] /addskill Maito, exe
[29/04/2015 17:24:35] /addskill Maito, axe
[29/04/2015 17:24:36] /addskill Maito, axe
[29/04/2015 17:24:42] /addskill Maito, axe 1
[29/04/2015 17:24:43] /addskill Maito, axe 1
[29/04/2015 17:24:51] /addskill Maito, axe,10
[29/04/2015 17:25:05] /addskill Maito, Attack ,10
[29/04/2015 17:25:12] /addskill Maito, Attack  Speed,10
[29/04/2015 17:25:19] /addskill Maito, Attack Speed
[29/04/2015 17:25:28] /addskill Maito, fist
[29/04/2015 17:25:31] /addskill Maito, fist
[29/04/2015 17:25:31] /addskill Maito, fist
[29/04/2015 17:25:36] /addskill Maito, dis
[29/04/2015 17:25:38] /addskill Maito, dist
[29/04/2015 17:25:41] /addskill Maito, dist
[29/04/2015 17:25:42] /addskill Maito, dist
[29/04/2015 17:25:49] /addskill Maito, fist
[29/04/2015 17:25:50] /addskill Maito, fist
[29/04/2015 17:26:01] /addskill Maito, axe fighting
[29/04/2015 17:26:03] /addskill Maito, axe fighting
[29/04/2015 17:26:13] /addskill Maito, shield
[29/04/2015 17:26:15] /addskill Maito, shield
[29/04/2015 17:26:21] /addskill Maito, fish
[29/04/2015 17:26:25] /addskill Maito, fishing
[29/04/2015 17:26:27] /addskill Maito, fishing
[29/04/2015 17:26:28] /addskill Maito, fishing
[29/04/2015 17:26:31] /addskill Maito, fishing
[29/04/2015 17:26:41] /addskill Maito, fishing
[29/04/2015 17:26:49] /addskill Maito, fishing 10
[29/04/2015 17:26:55] /addskill Maito, fishing, 10
[29/04/2015 17:27:03] /addskill Maito, shield, 10
[29/04/2015 17:27:04] /addskill Maito, shield, 10
[29/04/2015 17:27:04] /addskill Maito, shield, 10
[29/04/2015 17:27:08] /addskill Maito, shield, 10
[29/04/2015 17:27:08] /addskill Maito, shield, 10
[29/04/2015 17:27:09] /addskill Maito, shield, 10
[29/04/2015 20:41:04] /addskill Maito, fist
[29/04/2015 20:41:07] /addskill Maito, fist 1
[29/04/2015 21:20:58] /i 11299
[29/04/2015 21:21:39] /i 11301
[29/04/2015 21:21:58] /i 11295
[30/04/2015 12:51:44] /i 12299
[30/04/2015 12:52:01] /i 11299
[30/04/2015 12:52:09] /i 11298
[30/04/2015 12:52:15] /i 11297
[30/04/2015 12:52:18] /i 11296
[30/04/2015 12:52:38] /i 12683
[30/04/2015 12:52:50] /i 12682
[30/04/2015 12:53:09] /i 12583
[30/04/2015 12:53:16] /i 12582
[30/04/2015 12:53:36] /i 12577
[30/04/2015 12:53:51] /i 12578
[30/04/2015 12:54:03] /i 12569
[30/04/2015 12:54:37] /i 11864
[30/04/2015 12:54:57] /i 11879
[30/04/2015 12:55:24] /i 11480
[30/04/2015 12:55:51] /i 11479
[30/04/2015 12:59:23] /i 9004
[30/04/2015 13:06:04] /i 12577
[30/04/2015 13:06:29] /i 12583
[30/04/2015 13:06:58] /i 12682
[30/04/2015 13:07:10] /i 12685
[30/04/2015 13:07:33] /i 12684
[30/04/2015 13:08:27] /i 2377
[30/04/2015 13:08:52] /i 11299
